{"level":"http","message":"GET /loggerTest - 13:05:42","timestamp":"2023-10-12T18:05:42.342Z"}
{"level":"info","message":"Info","timestamp":"2023-10-12T18:05:42.418Z"}
{"level":"debug","message":"Debug","timestamp":"2023-10-12T18:05:42.419Z"}
{"level":"http","message":"Http","timestamp":"2023-10-12T18:05:42.419Z"}
{"level":"error","message":"Error","timestamp":"2023-10-12T18:05:42.420Z"}
{"level":"warning","message":"Warning","timestamp":"2023-10-12T18:05:42.420Z"}
{"level":"http","message":"GET /static/css/style.css - 13:06:12","timestamp":"2023-10-12T18:06:12.971Z"}
{"level":"http","message":"POST /api/session/login - 13:06:15","timestamp":"2023-10-12T18:06:15.364Z"}
{"level":"http","message":"GET /static/css/style.css - 13:06:58","timestamp":"2023-10-12T18:06:58.290Z"}
{"level":"http","message":"GET /login-github - 13:06:59","timestamp":"2023-10-12T18:06:59.729Z"}
{"level":"http","message":"GET /githubcallback?code=3c35d0a536ee618e1b70 - 13:07:00","timestamp":"2023-10-12T18:07:00.269Z"}
{"level":"http","message":"GET /api/products - 13:07:01","timestamp":"2023-10-12T18:07:01.283Z"}
{"level":"http","message":"GET /static/css/style.css - 13:07:02","timestamp":"2023-10-12T18:07:02.058Z"}
{"level":"http","message":"GET /mocking - 13:07:09","timestamp":"2023-10-12T18:07:09.248Z"}
{"level":"http","message":"GET /mockingproducts - 13:07:20","timestamp":"2023-10-12T18:07:20.067Z"}
{"level":"http","message":"GET /mockingproducts - 13:07:45","timestamp":"2023-10-12T18:07:45.707Z"}
{"level":"http","message":"GET /mockingproducts - 13:09:04","timestamp":"2023-10-12T18:09:04.255Z"}
{"level":"http","message":"GET /mockingproducts - 13:12:22","timestamp":"2023-10-12T18:12:22.589Z"}
{"level":"http","message":"GET /mockingproducts - 13:12:44","timestamp":"2023-10-12T18:12:44.579Z"}
{"level":"http","message":"GET /mockingproducts - 13:12:57","timestamp":"2023-10-12T18:12:57.910Z"}
{"level":"http","message":"GET /mockingproducts - 13:13:46","timestamp":"2023-10-12T18:13:46.101Z"}
{"level":"http","message":"GET /mockingproducts - 13:14:13","timestamp":"2023-10-12T18:14:13.787Z"}
{"level":"http","message":"GET / - 5:19:22","timestamp":"2023-10-13T10:19:22.217Z"}
{"level":"http","message":"GET /static/css/style.css - 5:19:22","timestamp":"2023-10-13T10:19:22.338Z"}
{"level":"http","message":"GET /favicon.ico - 5:19:22","timestamp":"2023-10-13T10:19:22.953Z"}
{"level":"http","message":"GET /api/session/login - 5:19:24","timestamp":"2023-10-13T10:19:24.948Z"}
{"level":"http","message":"GET /static/css/style.css - 5:19:25","timestamp":"2023-10-13T10:19:25.110Z"}
{"level":"http","message":"POST /api/session/login - 5:19:26","timestamp":"2023-10-13T10:19:26.079Z"}
{"level":"http","message":"GET /static/css/style.css - 5:19:29","timestamp":"2023-10-13T10:19:29.805Z"}
{"level":"http","message":"GET /login-github - 5:19:30","timestamp":"2023-10-13T10:19:30.550Z"}
{"level":"http","message":"GET /githubcallback?code=e0576ff371e528ddecad - 5:19:31","timestamp":"2023-10-13T10:19:31.349Z"}
{"level":"http","message":"GET /api/products - 5:19:32","timestamp":"2023-10-13T10:19:32.577Z"}
{"level":"http","message":"GET /static/css/style.css - 5:19:33","timestamp":"2023-10-13T10:19:33.345Z"}
{"level":"http","message":"GET /api/products/addProducts - 5:20:06","timestamp":"2023-10-13T10:20:06.449Z"}
{"level":"http","message":"GET /static/css/style.css - 5:20:06","timestamp":"2023-10-13T10:20:06.546Z"}
{"level":"http","message":"GET /api/products/addProducts - 5:23:02","timestamp":"2023-10-13T10:23:02.786Z"}
{"level":"http","message":"GET /static/css/style.css - 5:23:02","timestamp":"2023-10-13T10:23:02.879Z"}
{"level":"http","message":"POST /addProducts - 5:24:17","timestamp":"2023-10-13T10:24:17.422Z"}
{"level":"http","message":"POST /addProducts - 5:25:06","timestamp":"2023-10-13T10:25:06.421Z"}
{"level":"http","message":"POST /addProducts - 5:25:07","timestamp":"2023-10-13T10:25:07.267Z"}
{"level":"http","message":"POST /addProducts - 5:25:07","timestamp":"2023-10-13T10:25:07.600Z"}
{"level":"http","message":"POST /addProducts - 5:25:07","timestamp":"2023-10-13T10:25:07.774Z"}
{"level":"http","message":"POST /addProducts - 5:25:07","timestamp":"2023-10-13T10:25:07.944Z"}
{"level":"http","message":"POST /addProducts - 5:25:08","timestamp":"2023-10-13T10:25:08.094Z"}
{"level":"http","message":"POST /addProducts - 5:25:08","timestamp":"2023-10-13T10:25:08.224Z"}
{"level":"http","message":"POST /addProducts - 5:26:10","timestamp":"2023-10-13T10:26:10.645Z"}
{"level":"http","message":"GET /api/products/addProducts - 5:27:43","timestamp":"2023-10-13T10:27:43.729Z"}
{"level":"http","message":"GET /static/css/style.css - 5:27:43","timestamp":"2023-10-13T10:27:43.841Z"}
{"level":"http","message":"POST /addProducts - 5:28:06","timestamp":"2023-10-13T10:28:06.329Z"}
{"level":"http","message":"GET / - 5:17:15","timestamp":"2023-10-14T10:17:15.574Z"}
{"level":"http","message":"GET /static/css/style.css - 5:17:15","timestamp":"2023-10-14T10:17:15.699Z"}
{"level":"http","message":"GET /favicon.ico - 5:17:16","timestamp":"2023-10-14T10:17:16.391Z"}
{"level":"http","message":"GET /api/session/login - 5:17:19","timestamp":"2023-10-14T10:17:19.098Z"}
{"level":"http","message":"GET /static/css/style.css - 5:17:19","timestamp":"2023-10-14T10:17:19.255Z"}
{"level":"http","message":"POST /api/session/login - 5:17:19","timestamp":"2023-10-14T10:17:19.992Z"}
{"level":"http","message":"GET /static/css/style.css - 5:18:27","timestamp":"2023-10-14T10:18:27.298Z"}
{"level":"http","message":"GET /login-github - 5:18:28","timestamp":"2023-10-14T10:18:28.218Z"}
{"level":"http","message":"GET /githubcallback?code=cff9166cabd1229d7c12 - 5:18:28","timestamp":"2023-10-14T10:18:28.775Z"}
{"level":"http","message":"GET /api/products - 5:18:29","timestamp":"2023-10-14T10:18:29.809Z"}
{"level":"http","message":"GET /static/css/style.css - 5:18:30","timestamp":"2023-10-14T10:18:30.525Z"}
{"level":"http","message":"GET /api/products/addProducts - 5:20:27","timestamp":"2023-10-14T10:20:27.717Z"}
{"level":"http","message":"GET /static/css/style.css - 5:20:27","timestamp":"2023-10-14T10:20:27.889Z"}
{"level":"http","message":"POST /addProducts - 5:21:21","timestamp":"2023-10-14T10:21:21.222Z"}
{"level":"http","message":"GET /api/products/realTimeProducts - 6:10:53","timestamp":"2023-10-14T11:10:53.200Z"}
{"level":"http","message":"GET /static/css/style.css - 6:10:53","timestamp":"2023-10-14T11:10:53.327Z"}
{"level":"http","message":"GET /api/products/addProducts - 6:11:26","timestamp":"2023-10-14T11:11:26.021Z"}
{"level":"http","message":"GET /static/css/style.css - 6:11:26","timestamp":"2023-10-14T11:11:26.144Z"}
{"level":"http","message":"GET /api/products/addProducts - 6:22:56","timestamp":"2023-10-14T11:22:56.232Z"}
{"level":"http","message":"GET /static/css/style.css - 6:22:56","timestamp":"2023-10-14T11:22:56.348Z"}
{"level":"http","message":"GET /api/products/addProducts - 6:35:24","timestamp":"2023-10-14T11:35:24.527Z"}
{"level":"http","message":"GET /static/css/style.css - 6:35:24","timestamp":"2023-10-14T11:35:24.725Z"}
{"level":"http","message":"GET /api/products/addProducts - 6:35:36","timestamp":"2023-10-14T11:35:36.483Z"}
{"level":"http","message":"GET /static/css/style.css - 6:35:36","timestamp":"2023-10-14T11:35:36.571Z"}
{"level":"http","message":"GET /api/products/addProducts - 6:35:55","timestamp":"2023-10-14T11:35:55.999Z"}
{"level":"http","message":"GET /static/css/style.css - 6:35:56","timestamp":"2023-10-14T11:35:56.087Z"}
{"level":"http","message":"GET /api/products/addProducts - 7:41:47","timestamp":"2023-10-14T12:41:47.573Z"}
{"level":"http","message":"GET /static/css/style.css - 7:41:47","timestamp":"2023-10-14T12:41:47.693Z"}
{"level":"http","message":"POST /api/products/addProducts - 7:42:02","timestamp":"2023-10-14T12:42:02.229Z"}
{"level":"http","message":"GET /static/css/style.css - 7:46:39","timestamp":"2023-10-14T12:46:39.977Z"}
{"level":"http","message":"GET /api/products/addProducts - 7:46:40","timestamp":"2023-10-14T12:46:40.695Z"}
{"level":"http","message":"GET /static/css/style.css - 7:46:40","timestamp":"2023-10-14T12:46:40.875Z"}
{"level":"http","message":"POST /api/products/addProducts - 7:46:52","timestamp":"2023-10-14T12:46:52.165Z"}
{"level":"http","message":"GET /static/css/style.css - 7:47:12","timestamp":"2023-10-14T12:47:12.348Z"}
{"level":"http","message":"POST /api/products/addProducts - 7:47:14","timestamp":"2023-10-14T12:47:14.528Z"}
{"level":"http","message":"GET /static/css/style.css - 7:48:41","timestamp":"2023-10-14T12:48:41.374Z"}
{"level":"http","message":"POST /api/products/addProducts - 7:48:42","timestamp":"2023-10-14T12:48:42.672Z"}
{"level":"http","message":"GET /static/css/style.css - 7:50:17","timestamp":"2023-10-14T12:50:17.948Z"}
{"level":"http","message":"POST /api/products/addProducts - 7:50:20","timestamp":"2023-10-14T12:50:20.134Z"}
{"level":"http","message":"GET /static/css/style.css - 7:50:59","timestamp":"2023-10-14T12:50:59.311Z"}
{"level":"http","message":"POST /api/products/addProducts - 7:51:00","timestamp":"2023-10-14T12:51:00.526Z"}
{"level":"http","message":"GET /static/css/style.css - 7:52:46","timestamp":"2023-10-14T12:52:46.062Z"}
{"level":"http","message":"POST /api/products/addProducts - 7:52:47","timestamp":"2023-10-14T12:52:47.593Z"}
{"level":"http","message":"GET /static/css/style.css - 7:53:03","timestamp":"2023-10-14T12:53:03.007Z"}
{"level":"http","message":"GET /api/products/addProducts - 7:53:03","timestamp":"2023-10-14T12:53:03.695Z"}
{"level":"http","message":"GET /static/css/style.css - 7:53:03","timestamp":"2023-10-14T12:53:03.889Z"}
{"level":"http","message":"POST /api/products/addProducts - 7:53:14","timestamp":"2023-10-14T12:53:14.368Z"}
{"level":"http","message":"GET /static/css/style.css - 7:56:17","timestamp":"2023-10-14T12:56:17.161Z"}
{"level":"http","message":"POST /api/products/addProducts - 7:56:18","timestamp":"2023-10-14T12:56:18.342Z"}
{"level":"http","message":"GET /static/css/style.css - 8:04:36","timestamp":"2023-10-14T13:04:36.543Z"}
{"level":"http","message":"POST /api/products/addProducts - 8:04:39","timestamp":"2023-10-14T13:04:39.976Z"}
{"level":"http","message":"POST /api/products/addProducts - 8:05:30","timestamp":"2023-10-14T13:05:30.581Z"}
{"level":"http","message":"POST /api/products/addProducts - 8:05:59","timestamp":"2023-10-14T13:05:59.135Z"}
{"level":"http","message":"POST /api/products/addProducts - 8:08:40","timestamp":"2023-10-14T13:08:40.884Z"}
{"level":"http","message":"POST /api/products/addProducts - 8:12:56","timestamp":"2023-10-14T13:12:56.712Z"}
{"level":"http","message":"POST /api/products/addProducts - 8:13:42","timestamp":"2023-10-14T13:13:42.807Z"}
{"level":"http","message":"GET /static/css/style.css - 8:13:49","timestamp":"2023-10-14T13:13:49.776Z"}
{"level":"http","message":"GET /api/products/addProducts - 8:13:55","timestamp":"2023-10-14T13:13:55.252Z"}
{"level":"http","message":"GET /static/css/style.css - 8:13:55","timestamp":"2023-10-14T13:13:55.444Z"}
{"level":"http","message":"POST /api/products/addProducts - 8:14:54","timestamp":"2023-10-14T13:14:54.509Z"}
{"level":"http","message":"GET /static/css/style.css - 8:17:56","timestamp":"2023-10-14T13:17:56.760Z"}
{"level":"http","message":"POST /api/products/addProducts - 8:17:58","timestamp":"2023-10-14T13:17:58.034Z"}
{"level":"http","message":"GET /api/products/addProducts - 8:30:39","timestamp":"2023-10-14T13:30:39.408Z"}
{"level":"http","message":"GET /static/css/style.css - 8:30:39","timestamp":"2023-10-14T13:30:39.523Z"}
{"level":"http","message":"POST /api/products/addProducts - 8:31:00","timestamp":"2023-10-14T13:31:00.721Z"}
{"level":"http","message":"GET /static/css/style.css - 8:31:19","timestamp":"2023-10-14T13:31:19.544Z"}
{"level":"http","message":"POST /api/products/addProducts - 8:31:20","timestamp":"2023-10-14T13:31:20.571Z"}
{"level":"http","message":"GET /static/css/style.css - 8:33:08","timestamp":"2023-10-14T13:33:08.262Z"}
{"level":"http","message":"GET /api/products/addProducts - 8:33:14","timestamp":"2023-10-14T13:33:14.856Z"}
{"level":"http","message":"GET /static/css/style.css - 8:33:15","timestamp":"2023-10-14T13:33:15.036Z"}
{"level":"http","message":"POST /api/products/addProducts - 8:33:32","timestamp":"2023-10-14T13:33:32.156Z"}
{"level":"http","message":"GET /static/css/style.css - 8:36:17","timestamp":"2023-10-14T13:36:17.903Z"}
{"level":"http","message":"GET /api/products/addProducts - 8:36:20","timestamp":"2023-10-14T13:36:20.487Z"}
{"level":"http","message":"GET /static/css/style.css - 8:36:20","timestamp":"2023-10-14T13:36:20.685Z"}
{"level":"http","message":"POST /api/products/addProducts - 8:36:30","timestamp":"2023-10-14T13:36:30.491Z"}
{"level":"http","message":"GET /static/css/style.css - 8:36:30","timestamp":"2023-10-14T13:36:30.772Z"}
